<?xml version="1.0" encoding="UTF-8"?>
<!-- Generated by org.testng.reporters.JUnitReportReporter -->
<testsuite hostname="BGM" failures="0" tests="8" name="com.appium.scripts.ParallelTestDemo" time="45.583" errors="0" timestamp="2022-01-25T19:13:37 IST" skipped="1">
  <testcase classname="com.appium.scripts.ParallelTestDemo" name="test3" time="6.842"/>
  <system-out/>
  <testcase classname="com.appium.scripts.ParallelTestDemo" name="test6" time="6.746"/>
  <system-out/>
  <testcase classname="com.appium.scripts.ParallelTestDemo" name="test5" time="6.200"/>
  <system-out/>
  <testcase classname="com.appium.scripts.ParallelTestDemo" name="test4" time="6.582"/>
  <system-out/>
  <testcase classname="com.appium.scripts.ParallelTestDemo" name="test7" time="6.293"/>
  <system-out/>
  <testcase classname="com.appium.scripts.ParallelTestDemo" name="test2" time="5.764"/>
  <system-out/>
  <testcase classname="com.appium.scripts.ParallelTestDemo" name="test8" time="7.156"/>
  <system-out/>
  <testcase classname="com.appium.scripts.ParallelTestDemo" name="test1">
    <skipped/>
  </testcase> <!-- test1 -->
  <system-out/>
</testsuite> <!-- com.appium.scripts.ParallelTestDemo -->
